<?xml version="1.0" encoding="UTF-8"?>
<!-- Generated by org.testng.reporters.JUnitReportReporter -->
<testsuite hostname="Admin-PC" name="com.vmetry.ntltaxi.testcases.HomePageTest" tests="1" failures="0" timestamp="16 Dec 2016 04:27:39 GMT" time="14.114" errors="0">
  <testcase name="validateHomePage" time="14.114" classname="com.vmetry.ntltaxi.testcases.HomePageTest"/>
</testsuite> <!-- com.vmetry.ntltaxi.testcases.HomePageTest -->
