<?xml version="1.0" encoding="UTF-8"?>
<!-- Generated by org.testng.reporters.JUnitReportReporter -->
<testsuite hostname="Admin-PC" name="com.vmetry.ntltaxi.reports.ReportGenerator" tests="1" failures="0" timestamp="22 Dec 2016 03:47:01 GMT" time="0.078" errors="0">
  <testcase name="archivefile" time="0.078" classname="com.vmetry.ntltaxi.reports.ReportGenerator"/>
</testsuite> <!-- com.vmetry.ntltaxi.reports.ReportGenerator -->
